<?xml version="1.0" encoding="UTF-8"?>
<testng-results ignored="0" total="2" passed="2" failed="0" skipped="0">
  <reporter-output>
  </reporter-output>
  <suite started-at="2020-06-12T22:50:18 IST" name="Command line suite" finished-at="2020-06-12T22:50:19 IST" duration-ms="1647">
    <groups>
    </groups>
    <test started-at="2020-06-12T22:50:18 IST" name="Command line test" finished-at="2020-06-12T22:50:19 IST" duration-ms="1647">
      <class name="com.codebind.AppTest">
        <test-method signature="test()[pri:0, instance:com.codebind.AppTest@612679d6]" started-at="2020-06-12T22:50:19 IST" name="test" finished-at="2020-06-12T22:50:19 IST" duration-ms="3" status="PASS">
          <reporter-output>
          </reporter-output>
        </test-method> <!-- test -->
      </class> <!-- com.codebind.AppTest -->
      <class name="com.codebind.FunTest">
        <test-method is-config="true" signature="config()[pri:0, instance:com.codebind.FunTest@1060b431]" started-at="2020-06-12T22:50:18 IST" name="config" finished-at="2020-06-12T22:50:18 IST" duration-ms="649" status="PASS">
          <reporter-output>
          </reporter-output>
        </test-method> <!-- config -->
        <test-method signature="test()[pri:0, instance:com.codebind.FunTest@1060b431]" started-at="2020-06-12T22:50:19 IST" name="test" finished-at="2020-06-12T22:50:19 IST" duration-ms="917" status="PASS">
          <reporter-output>
          </reporter-output>
        </test-method> <!-- test -->
      </class> <!-- com.codebind.FunTest -->
    </test> <!-- Command line test -->
  </suite> <!-- Command line suite -->
</testng-results>
